#
# There is insufficient memory for the Java Runtime Environment to continue.
# Native memory allocation (malloc) failed to allocate 32744 bytes for Chunk::new
# Possible reasons:
#   The system is out of physical RAM or swap space
#   The process is running with CompressedOops enabled, and the Java Heap may be blocking the growth of the native heap
# Possible solutions:
#   Reduce memory load on the system
#   Increase physical memory or swap space
#   Check if swap backing store is full
#   Decrease Java heap size (-Xmx/-Xms)
#   Decrease number of Java threads
#   Decrease Java thread stack sizes (-Xss)
#   Set larger code cache with -XX:ReservedCodeCacheSize=
#   JVM is running with Zero Based Compressed Oops mode in which the Java heap is
#     placed in the first 32GB address space. The Java Heap base address is the
#     maximum limit for the native heap growth. Please use -XX:HeapBaseMinAddress
#     to set the Java Heap base and to place the Java Heap above 32GB virtual address.
# This output file may be truncated or incomplete.
#
#  Out of Memory Error (arena.cpp:184), pid=10852, tid=5228
#
# JRE version: OpenJDK Runtime Environment (19.0.2+7) (build 19.0.2+7-44)
# Java VM: OpenJDK 64-Bit Server VM (19.0.2+7-44, mixed mode, sharing, tiered, compressed oops, compressed class ptrs, g1 gc, windows-amd64)
# No core dump will be written. Minidumps are not enabled by default on client versions of Windows
#

---------------  S U M M A R Y ------------

Command Line: -javaagent:C:\Program Files\JetBrains\IntelliJ IDEA Community Edition 2022.3.3\lib\idea_rt.jar=57183:C:\Program Files\JetBrains\IntelliJ IDEA Community Edition 2022.3.3\bin -Dfile.encoding=UTF-8 -Dsun.stdout.encoding=UTF-8 -Dsun.stderr.encoding=UTF-8 com.example.demo.DemoApplication

Host: Intel(R) Core(TM) i7-4810MQ CPU @ 2.80GHz, 8 cores, 15G,  Windows 10 , 64 bit Build 19041 (10.0.19041.1202)
Time: Mon Sep 18 22:10:10 2023 Jordan Daylight Time elapsed time: 98.627464 seconds (0d 0h 1m 38s)

---------------  T H R E A D  ---------------

Current thread (0x0000014fe7294db0):  JavaThread "http-nio-8080-exec-1" daemon [_thread_in_Java, id=5228, stack(0x0000002801200000,0x0000002801300000)]

Stack: [0x0000002801200000,0x0000002801300000]
Native frames: (J=compiled Java code, j=interpreted, Vv=VM code, C=native code)
V  [jvm.dll+0x6ee21a]
V  [jvm.dll+0x85765e]
V  [jvm.dll+0x85904e]
V  [jvm.dll+0x859703]
V  [jvm.dll+0x28298f]
V  [jvm.dll+0xc9adf]
V  [jvm.dll+0xc9e65]
V  [jvm.dll+0x26340b]
V  [jvm.dll+0x75506d]
V  [jvm.dll+0x6ed0ce]
V  [jvm.dll+0x6edc08]
C  [ntdll.dll+0xa20cf]
C  [ntdll.dll+0x51454]
C  [ntdll.dll+0xa0bfe]
C  0x0000014fcdbeab60


---------------  P R O C E S S  ---------------

Threads class SMR info:
_java_thread_list=0x0000014fe73a52b0, length=30, elements={
0x0000014fe0ef4ff0, 0x0000014fe0ef5f80, 0x0000014fe0ef79f0, 0x0000014fe0ef9530,
0x0000014fe0efc010, 0x0000014fe0efcdc0, 0x0000014fe0effed0, 0x0000014fe0f00b20,
0x0000014fe0f1d480, 0x0000014fe5913aa0, 0x0000014fe5bc5c90, 0x0000014fe5bc61d0,
0x0000014fe85b5b50, 0x0000014fe8715040, 0x0000014fe6af9f90, 0x0000014fe7294db0,
0x0000014fe7292880, 0x0000014fe7294310, 0x0000014fe7293dc0, 0x0000014fe7294860,
0x0000014fe7292dd0, 0x0000014fe7291890, 0x0000014fe7291de0, 0x0000014fe7292330,
0x0000014fe7293320, 0x0000014fe7293870, 0x0000014fe728bb00, 0x0000014fe728f570,
0x0000014fe728a5c0, 0x0000014fe728c5a0
}

Java Threads: ( => current thread )
  0x0000014fe0ef4ff0 JavaThread "Reference Handler" daemon [_thread_blocked, id=12132, stack(0x000000287f800000,0x000000287f900000)]
  0x0000014fe0ef5f80 JavaThread "Finalizer" daemon [_thread_blocked, id=13720, stack(0x000000287f900000,0x000000287fa00000)]
  0x0000014fe0ef79f0 JavaThread "Signal Dispatcher" daemon [_thread_blocked, id=1584, stack(0x000000287fa00000,0x000000287fb00000)]
  0x0000014fe0ef9530 JavaThread "Attach Listener" daemon [_thread_blocked, id=1180, stack(0x000000287fb00000,0x000000287fc00000)]
  0x0000014fe0efc010 JavaThread "Service Thread" daemon [_thread_blocked, id=10360, stack(0x000000287fc00000,0x000000287fd00000)]
  0x0000014fe0efcdc0 JavaThread "Monitor Deflation Thread" daemon [_thread_blocked, id=9868, stack(0x000000287fd00000,0x000000287fe00000)]
  0x0000014fe0effed0 JavaThread "C2 CompilerThread0" daemon [_thread_in_native, id=14816, stack(0x000000287fe00000,0x000000287ff00000)]
  0x0000014fe0f00b20 JavaThread "C1 CompilerThread0" daemon [_thread_blocked, id=536, stack(0x000000287ff00000,0x0000002880000000)]
  0x0000014fe0f1d480 JavaThread "Sweeper thread" daemon [_thread_blocked, id=18220, stack(0x0000002800000000,0x0000002800100000)]
  0x0000014fe5913aa0 JavaThread "Common-Cleaner" daemon [_thread_blocked, id=1960, stack(0x0000002800100000,0x0000002800200000)]
  0x0000014fe5bc5c90 JavaThread "Monitor Ctrl-Break" daemon [_thread_in_native, id=7456, stack(0x0000002800200000,0x0000002800300000)]
  0x0000014fe5bc61d0 JavaThread "Notification Thread" daemon [_thread_blocked, id=16100, stack(0x0000002800300000,0x0000002800400000)]
  0x0000014fe85b5b50 JavaThread "Catalina-utility-1" [_thread_blocked, id=6212, stack(0x0000002800f00000,0x0000002801000000)]
  0x0000014fe8715040 JavaThread "Catalina-utility-2" [_thread_blocked, id=11996, stack(0x0000002801000000,0x0000002801100000)]
  0x0000014fe6af9f90 JavaThread "container-0" [_thread_blocked, id=9996, stack(0x0000002801100000,0x0000002801200000)]
=>0x0000014fe7294db0 JavaThread "http-nio-8080-exec-1" daemon [_thread_in_Java, id=5228, stack(0x0000002801200000,0x0000002801300000)]
  0x0000014fe7292880 JavaThread "http-nio-8080-exec-2" daemon [_thread_blocked, id=4100, stack(0x0000002801300000,0x0000002801400000)]
  0x0000014fe7294310 JavaThread "http-nio-8080-exec-3" daemon [_thread_blocked, id=11820, stack(0x0000002801400000,0x0000002801500000)]
  0x0000014fe7293dc0 JavaThread "http-nio-8080-exec-4" daemon [_thread_blocked, id=3280, stack(0x0000002801500000,0x0000002801600000)]
  0x0000014fe7294860 JavaThread "http-nio-8080-exec-5" daemon [_thread_blocked, id=1048, stack(0x0000002801600000,0x0000002801700000)]
  0x0000014fe7292dd0 JavaThread "http-nio-8080-exec-6" daemon [_thread_in_Java, id=2040, stack(0x0000002801700000,0x0000002801800000)]
  0x0000014fe7291890 JavaThread "http-nio-8080-exec-7" daemon [_thread_blocked, id=13068, stack(0x0000002801800000,0x0000002801900000)]
  0x0000014fe7291de0 JavaThread "http-nio-8080-exec-8" daemon [_thread_in_Java, id=3664, stack(0x0000002801900000,0x0000002801a00000)]
  0x0000014fe7292330 JavaThread "http-nio-8080-exec-9" daemon [_thread_in_native, id=7736, stack(0x0000002801a00000,0x0000002801b00000)]
  0x0000014fe7293320 JavaThread "http-nio-8080-exec-10" daemon [_thread_blocked, id=10104, stack(0x0000002801b00000,0x0000002801c00000)]
  0x0000014fe7293870 JavaThread "http-nio-8080-Poller" daemon [_thread_in_native, id=7784, stack(0x0000002801c00000,0x0000002801d00000)]
  0x0000014fe728bb00 JavaThread "http-nio-8080-Acceptor" daemon [_thread_in_native, id=864, stack(0x0000002801d00000,0x0000002801e00000)]
  0x0000014fe728f570 JavaThread "DestroyJavaVM" [_thread_blocked, id=9484, stack(0x000000287f100000,0x000000287f200000)]
  0x0000014fe728a5c0 JavaThread "Thread-1" daemon [_thread_blocked, id=8900, stack(0x0000002801e00000,0x0000002801f00000)]
  0x0000014fe728c5a0 JavaThread "Thread-2" daemon [_thread_blocked, id=17432, stack(0x0000002801f00000,0x0000002802000000)]

Other Threads:
  0x0000014fe0ed9f70 VMThread "VM Thread" [stack: 0x000000287f700000,0x000000287f800000] [id=15548]
  0x0000014fbe040340 WatcherThread "VM Periodic Task Thread" [stack: 0x0000002800400000,0x0000002800500000] [id=8612]
  0x0000014fbe0b13e0 WorkerThread "GC Thread#0" [stack: 0x000000287f200000,0x000000287f300000] [id=5668]
  0x0000014fe6343930 WorkerThread "GC Thread#1" [stack: 0x0000002800600000,0x0000002800700000] [id=3816]
  0x0000014fe6343c00 WorkerThread "GC Thread#2" [stack: 0x0000002800700000,0x0000002800800000] [id=6120]
  0x0000014fe63272c0 WorkerThread "GC Thread#3" [stack: 0x0000002800800000,0x0000002800900000] [id=10756]
  0x0000014fe63c79e0 WorkerThread "GC Thread#4" [stack: 0x0000002800900000,0x0000002800a00000] [id=3992]
  0x0000014fe63c6630 WorkerThread "GC Thread#5" [stack: 0x0000002800a00000,0x0000002800b00000] [id=12856]
  0x0000014fe63c6360 WorkerThread "GC Thread#6" [stack: 0x0000002800c00000,0x0000002800d00000] [id=540]
  0x0000014fe63c6bd0 WorkerThread "GC Thread#7" [stack: 0x0000002800d00000,0x0000002800e00000] [id=7904]
  0x0000014fbe0c3240 ConcurrentGCThread "G1 Main Marker" [stack: 0x000000287f300000,0x000000287f400000] [id=4792]
  0x0000014fbe0c5330 WorkerThread "G1 Conc#0" [stack: 0x000000287f400000,0x000000287f500000] [id=17256]
  0x0000014fe63c7440 WorkerThread "G1 Conc#1" [stack: 0x0000002800e00000,0x0000002800f00000] [id=12788]
  0x0000014fbe10e6c0 ConcurrentGCThread "G1 Refine#0" [stack: 0x000000287f500000,0x000000287f600000] [id=2088]
  0x0000014fe0d95150 ConcurrentGCThread "G1 Service" [stack: 0x000000287f600000,0x000000287f700000] [id=9788]

Threads with active compile tasks:
C2 CompilerThread0    98708 7497       4       java.lang.StackTraceElement::toString (322 bytes)

VM state: not at safepoint (normal execution)

VM Mutex/Monitor currently owned by a thread: None

OutOfMemory and StackOverflow Exception counts:
StackOverflowErrors=19416
LinkageErrors=108

Heap address: 0x0000000701c00000, size: 4068 MB, Compressed Oops mode: Zero based, Oop shift amount: 3

CDS archive(s) mapped at: [0x0000000800000000-0x0000000800c40000-0x0000000800c40000), size 12845056, SharedBaseAddress: 0x0000000800000000, ArchiveRelocationMode: 0.
Compressed class space mapped at: 0x0000000801000000-0x0000000841000000, reserved size: 1073741824
Narrow klass base: 0x0000000800000000, Narrow klass shift: 0, Narrow klass range: 0x100000000

GC Precious Log:
 CardTable entry size: 512
 Card Set container configuration: InlinePtr #cards 4 size 8 Array Of Cards #cards 16 size 48 Howl #buckets 8 coarsen threshold 3686 Howl Bitmap #cards 512 size 80 coarsen threshold 460 Card regions per heap region 1 cards per card region 4096
 CPUs: 8 total, 8 available
 Memory: 16265M
 Large Page Support: Disabled
 NUMA Support: Disabled
 Compressed Oops: Enabled (Zero based)
 Heap Region Size: 2M
 Heap Min Capacity: 8M
 Heap Initial Capacity: 256M
 Heap Max Capacity: 4068M
 Pre-touch: Disabled
 Parallel Workers: 8
 Concurrent Workers: 2
 Concurrent Refinement Workers: 8
 Periodic GC: Disabled

Heap:
 garbage-first heap   total 276480K, used 152695K [0x0000000701c00000, 0x0000000800000000)
  region size 2048K, 70 young (143360K), 2 survivors (4096K)
 Metaspace       used 32666K, committed 33216K, reserved 1114112K
  class space    used 3687K, committed 3968K, reserved 1048576K

Heap Regions: E=young(eden), S=young(survivor), O=old, HS=humongous(starts), HC=humongous(continues), CS=collection set, F=free, OA=open archive, CA=closed archive, TAMS=top-at-mark-start (previous, next)
|   0|0x0000000701c00000, 0x0000000701e00000, 0x0000000701e00000|100%| O|  |TAMS 0x0000000701e00000, 0x0000000701c00000| Untracked 
|   1|0x0000000701e00000, 0x0000000701fff200, 0x0000000702000000| 99%| O|  |TAMS 0x0000000701fff200, 0x0000000701e00000| Untracked 
|   2|0x0000000702000000, 0x0000000702200000, 0x0000000702200000|100%| O|  |TAMS 0x0000000702000000, 0x0000000702000000| Untracked 
|   3|0x0000000702200000, 0x0000000702400000, 0x0000000702400000|100%| O|  |TAMS 0x0000000702200000, 0x0000000702200000| Untracked 
|   4|0x0000000702400000, 0x0000000702600000, 0x0000000702600000|100%| O|  |TAMS 0x0000000702400000, 0x0000000702400000| Untracked 
|   5|0x0000000702600000, 0x0000000702800000, 0x0000000702800000|100%| O|  |TAMS 0x0000000702600000, 0x0000000702600000| Untracked 
|   6|0x0000000702800000, 0x0000000702a00000, 0x0000000702a00000|100%| O|  |TAMS 0x0000000702800000, 0x0000000702800000| Untracked 
|   7|0x0000000702a00000, 0x0000000702a61a00, 0x0000000702c00000| 19%| O|  |TAMS 0x0000000702a00000, 0x0000000702a00000| Untracked 
|   8|0x0000000702c00000, 0x0000000702c00000, 0x0000000702e00000|  0%| F|  |TAMS 0x0000000702c00000, 0x0000000702c00000| Untracked 
|   9|0x0000000702e00000, 0x0000000702e00000, 0x0000000703000000|  0%| F|  |TAMS 0x0000000702e00000, 0x0000000702e00000| Untracked 
|  10|0x0000000703000000, 0x0000000703000000, 0x0000000703200000|  0%| F|  |TAMS 0x0000000703000000, 0x0000000703000000| Untracked 
|  11|0x0000000703200000, 0x0000000703200000, 0x0000000703400000|  0%| F|  |TAMS 0x0000000703200000, 0x0000000703200000| Untracked 
|  12|0x0000000703400000, 0x0000000703400000, 0x0000000703600000|  0%| F|  |TAMS 0x0000000703400000, 0x0000000703400000| Untracked 
|  13|0x0000000703600000, 0x0000000703600000, 0x0000000703800000|  0%| F|  |TAMS 0x0000000703600000, 0x0000000703600000| Untracked 
|  14|0x0000000703800000, 0x0000000703800000, 0x0000000703a00000|  0%| F|  |TAMS 0x0000000703800000, 0x0000000703800000| Untracked 
|  15|0x0000000703a00000, 0x0000000703a00000, 0x0000000703c00000|  0%| F|  |TAMS 0x0000000703a00000, 0x0000000703a00000| Untracked 
|  16|0x0000000703c00000, 0x0000000703c00000, 0x0000000703e00000|  0%| F|  |TAMS 0x0000000703c00000, 0x0000000703c00000| Untracked 
|  17|0x0000000703e00000, 0x0000000703e00000, 0x0000000704000000|  0%| F|  |TAMS 0x0000000703e00000, 0x0000000703e00000| Untracked 
|  18|0x0000000704000000, 0x0000000704000000, 0x0000000704200000|  0%| F|  |TAMS 0x0000000704000000, 0x0000000704000000| Untracked 
|  19|0x0000000704200000, 0x0000000704200000, 0x0000000704400000|  0%| F|  |TAMS 0x0000000704200000, 0x0000000704200000| Untracked 
|  20|0x0000000704400000, 0x0000000704400000, 0x0000000704600000|  0%| F|  |TAMS 0x0000000704400000, 0x0000000704400000| Untracked 
|  21|0x0000000704600000, 0x0000000704600000, 0x0000000704800000|  0%| F|  |TAMS 0x0000000704600000, 0x0000000704600000| Untracked 
|  22|0x0000000704800000, 0x0000000704800000, 0x0000000704a00000|  0%| F|  |TAMS 0x0000000704800000, 0x0000000704800000| Untracked 
|  23|0x0000000704a00000, 0x0000000704a00000, 0x0000000704c00000|  0%| F|  |TAMS 0x0000000704a00000, 0x0000000704a00000| Untracked 
|  24|0x0000000704c00000, 0x0000000704c00000, 0x0000000704e00000|  0%| F|  |TAMS 0x0000000704c00000, 0x0000000704c00000| Untracked 
|  25|0x0000000704e00000, 0x0000000704e00000, 0x0000000705000000|  0%| F|  |TAMS 0x0000000704e00000, 0x0000000704e00000| Untracked 
|  26|0x0000000705000000, 0x0000000705000000, 0x0000000705200000|  0%| F|  |TAMS 0x0000000705000000, 0x0000000705000000| Untracked 
|  27|0x0000000705200000, 0x0000000705200000, 0x0000000705400000|  0%| F|  |TAMS 0x0000000705200000, 0x0000000705200000| Untracked 
|  28|0x0000000705400000, 0x0000000705400000, 0x0000000705600000|  0%| F|  |TAMS 0x0000000705400000, 0x0000000705400000| Untracked 
|  29|0x0000000705600000, 0x0000000705600000, 0x0000000705800000|  0%| F|  |TAMS 0x0000000705600000, 0x0000000705600000| Untracked 
|  30|0x0000000705800000, 0x0000000705800000, 0x0000000705a00000|  0%| F|  |TAMS 0x0000000705800000, 0x0000000705800000| Untracked 
|  31|0x0000000705a00000, 0x0000000705a00000, 0x0000000705c00000|  0%| F|  |TAMS 0x0000000705a00000, 0x0000000705a00000| Untracked 
|  32|0x0000000705c00000, 0x0000000705c00000, 0x0000000705e00000|  0%| F|  |TAMS 0x0000000705c00000, 0x0000000705c00000| Untracked 
|  33|0x0000000705e00000, 0x0000000705e00000, 0x0000000706000000|  0%| F|  |TAMS 0x0000000705e00000, 0x0000000705e00000| Untracked 
|  34|0x0000000706000000, 0x0000000706000000, 0x0000000706200000|  0%| F|  |TAMS 0x0000000706000000, 0x0000000706000000| Untracked 
|  35|0x0000000706200000, 0x0000000706200000, 0x0000000706400000|  0%| F|  |TAMS 0x0000000706200000, 0x0000000706200000| Untracked 
|  36|0x0000000706400000, 0x0000000706400000, 0x0000000706600000|  0%| F|  |TAMS 0x0000000706400000, 0x0000000706400000| Untracked 
|  37|0x0000000706600000, 0x0000000706600000, 0x0000000706800000|  0%| F|  |TAMS 0x0000000706600000, 0x0000000706600000| Untracked 
|  38|0x0000000706800000, 0x0000000706800000, 0x0000000706a00000|  0%| F|  |TAMS 0x0000000706800000, 0x0000000706800000| Untracked 
|  39|0x0000000706a00000, 0x0000000706a00000, 0x0000000706c00000|  0%| F|  |TAMS 0x0000000706a00000, 0x0000000706a00000| Untracked 
|  40|0x0000000706c00000, 0x0000000706c00000, 0x0000000706e00000|  0%| F|  |TAMS 0x0000000706c00000, 0x0000000706c00000| Untracked 
|  41|0x0000000706e00000, 0x0000000706e00000, 0x0000000707000000|  0%| F|  |TAMS 0x0000000706e00000, 0x0000000706e00000| Untracked 
|  42|0x0000000707000000, 0x0000000707000000, 0x0000000707200000|  0%| F|  |TAMS 0x0000000707000000, 0x0000000707000000| Untracked 
|  43|0x0000000707200000, 0x0000000707200000, 0x0000000707400000|  0%| F|  |TAMS 0x0000000707200000, 0x0000000707200000| Untracked 
|  44|0x0000000707400000, 0x0000000707400000, 0x0000000707600000|  0%| F|  |TAMS 0x0000000707400000, 0x0000000707400000| Untracked 
|  45|0x0000000707600000, 0x0000000707600000, 0x0000000707800000|  0%| F|  |TAMS 0x0000000707600000, 0x0000000707600000| Untracked 
|  46|0x0000000707800000, 0x0000000707800000, 0x0000000707a00000|  0%| F|  |TAMS 0x0000000707800000, 0x0000000707800000| Untracked 
|  47|0x0000000707a00000, 0x0000000707a00000, 0x0000000707c00000|  0%| F|  |TAMS 0x0000000707a00000, 0x0000000707a00000| Untracked 
|  48|0x0000000707c00000, 0x0000000707c00000, 0x0000000707e00000|  0%| F|  |TAMS 0x0000000707c00000, 0x0000000707c00000| Untracked 
|  49|0x0000000707e00000, 0x0000000707e00000, 0x0000000708000000|  0%| F|  |TAMS 0x0000000707e00000, 0x0000000707e00000| Untracked 
|  50|0x0000000708000000, 0x0000000708000000, 0x0000000708200000|  0%| F|  |TAMS 0x0000000708000000, 0x0000000708000000| Untracked 
|  51|0x0000000708200000, 0x0000000708200000, 0x0000000708400000|  0%| F|  |TAMS 0x0000000708200000, 0x0000000708200000| Untracked 
|  52|0x0000000708400000, 0x00000007084bd3c0, 0x0000000708600000| 36%| S|CS|TAMS 0x0000000708400000, 0x0000000708400000| Complete 
|  53|0x0000000708600000, 0x0000000708600000, 0x0000000708800000|  0%| F|  |TAMS 0x0000000708600000, 0x0000000708600000| Untracked 
|  54|0x0000000708800000, 0x0000000708a00000, 0x0000000708a00000|100%| S|CS|TAMS 0x0000000708800000, 0x0000000708800000| Complete 
|  55|0x0000000708a00000, 0x0000000708a00000, 0x0000000708c00000|  0%| F|  |TAMS 0x0000000708a00000, 0x0000000708a00000| Untracked 
|  56|0x0000000708c00000, 0x0000000708c00000, 0x0000000708e00000|  0%| F|  |TAMS 0x0000000708c00000, 0x0000000708c00000| Untracked 
|  57|0x0000000708e00000, 0x0000000708e00000, 0x0000000709000000|  0%| F|  |TAMS 0x0000000708e00000, 0x0000000708e00000| Untracked 
|  58|0x0000000709000000, 0x0000000709000000, 0x0000000709200000|  0%| F|  |TAMS 0x0000000709000000, 0x0000000709000000| Untracked 
|  59|0x0000000709200000, 0x0000000709200000, 0x0000000709400000|  0%| F|  |TAMS 0x0000000709200000, 0x0000000709200000| Untracked 
|  60|0x0000000709400000, 0x0000000709400000, 0x0000000709600000|  0%| F|  |TAMS 0x0000000709400000, 0x0000000709400000| Untracked 
|  61|0x0000000709600000, 0x0000000709600000, 0x0000000709800000|  0%| F|  |TAMS 0x0000000709600000, 0x0000000709600000| Untracked 
|  62|0x0000000709800000, 0x0000000709800000, 0x0000000709a00000|  0%| F|  |TAMS 0x0000000709800000, 0x0000000709800000| Untracked 
|  63|0x0000000709a00000, 0x0000000709a00000, 0x0000000709c00000|  0%| F|  |TAMS 0x0000000709a00000, 0x0000000709a00000| Untracked 
|  64|0x0000000709c00000, 0x0000000709c00000, 0x0000000709e00000|  0%| F|  |TAMS 0x0000000709c00000, 0x0000000709c00000| Untracked 
|  65|0x0000000709e00000, 0x0000000709eb40d8, 0x000000070a000000| 35%| E|  |TAMS 0x0000000709e00000, 0x0000000709e00000| Complete 
|  66|0x000000070a000000, 0x000000070a200000, 0x000000070a200000|100%| E|  |TAMS 0x000000070a000000, 0x000000070a000000| Complete 
|  67|0x000000070a200000, 0x000000070a400000, 0x000000070a400000|100%| E|CS|TAMS 0x000000070a200000, 0x000000070a200000| Complete 
|  68|0x000000070a400000, 0x000000070a600000, 0x000000070a600000|100%| E|CS|TAMS 0x000000070a400000, 0x000000070a400000| Complete 
|  69|0x000000070a600000, 0x000000070a800000, 0x000000070a800000|100%| E|CS|TAMS 0x000000070a600000, 0x000000070a600000| Complete 
|  70|0x000000070a800000, 0x000000070aa00000, 0x000000070aa00000|100%| E|CS|TAMS 0x000000070a800000, 0x000000070a800000| Complete 
|  71|0x000000070aa00000, 0x000000070ac00000, 0x000000070ac00000|100%| E|CS|TAMS 0x000000070aa00000, 0x000000070aa00000| Complete 
|  72|0x000000070ac00000, 0x000000070ae00000, 0x000000070ae00000|100%| E|CS|TAMS 0x000000070ac00000, 0x000000070ac00000| Complete 
|  73|0x000000070ae00000, 0x000000070b000000, 0x000000070b000000|100%| E|CS|TAMS 0x000000070ae00000, 0x000000070ae00000| Complete 
|  74|0x000000070b000000, 0x000000070b200000, 0x000000070b200000|100%| E|CS|TAMS 0x000000070b000000, 0x000000070b000000| Complete 
|  75|0x000000070b200000, 0x000000070b400000, 0x000000070b400000|100%| E|CS|TAMS 0x000000070b200000, 0x000000070b200000| Complete 
|  76|0x000000070b400000, 0x000000070b600000, 0x000000070b600000|100%| E|CS|TAMS 0x000000070b400000, 0x000000070b400000| Complete 
|  77|0x000000070b600000, 0x000000070b800000, 0x000000070b800000|100%| E|CS|TAMS 0x000000070b600000, 0x000000070b600000| Complete 
|  78|0x000000070b800000, 0x000000070ba00000, 0x000000070ba00000|100%| E|CS|TAMS 0x000000070b800000, 0x000000070b800000| Complete 
|  79|0x000000070ba00000, 0x000000070bc00000, 0x000000070bc00000|100%| E|CS|TAMS 0x000000070ba00000, 0x000000070ba00000| Complete 
|  80|0x000000070bc00000, 0x000000070be00000, 0x000000070be00000|100%| E|CS|TAMS 0x000000070bc00000, 0x000000070bc00000| Complete 
|  81|0x000000070be00000, 0x000000070c000000, 0x000000070c000000|100%| E|CS|TAMS 0x000000070be00000, 0x000000070be00000| Complete 
|  82|0x000000070c000000, 0x000000070c200000, 0x000000070c200000|100%| E|CS|TAMS 0x000000070c000000, 0x000000070c000000| Complete 
|  83|0x000000070c200000, 0x000000070c400000, 0x000000070c400000|100%| E|CS|TAMS 0x000000070c200000, 0x000000070c200000| Complete 
|  84|0x000000070c400000, 0x000000070c600000, 0x000000070c600000|100%| E|CS|TAMS 0x000000070c400000, 0x000000070c400000| Complete 
|  85|0x000000070c600000, 0x000000070c800000, 0x000000070c800000|100%| E|CS|TAMS 0x000000070c600000, 0x000000070c600000| Complete 
|  86|0x000000070c800000, 0x000000070ca00000, 0x000000070ca00000|100%| E|CS|TAMS 0x000000070c800000, 0x000000070c800000| Complete 
|  87|0x000000070ca00000, 0x000000070cc00000, 0x000000070cc00000|100%| E|CS|TAMS 0x000000070ca00000, 0x000000070ca00000| Complete 
|  88|0x000000070cc00000, 0x000000070ce00000, 0x000000070ce00000|100%| E|CS|TAMS 0x000000070cc00000, 0x000000070cc00000| Complete 
|  89|0x000000070ce00000, 0x000000070d000000, 0x000000070d000000|100%| E|CS|TAMS 0x000000070ce00000, 0x000000070ce00000| Complete 
|  90|0x000000070d000000, 0x000000070d200000, 0x000000070d200000|100%| E|CS|TAMS 0x000000070d000000, 0x000000070d000000| Complete 
|  91|0x000000070d200000, 0x000000070d400000, 0x000000070d400000|100%| E|CS|TAMS 0x000000070d200000, 0x000000070d200000| Complete 
|  92|0x000000070d400000, 0x000000070d600000, 0x000000070d600000|100%| E|CS|TAMS 0x000000070d400000, 0x000000070d400000| Complete 
|  93|0x000000070d600000, 0x000000070d800000, 0x000000070d800000|100%| E|CS|TAMS 0x000000070d600000, 0x000000070d600000| Complete 
|  94|0x000000070d800000, 0x000000070da00000, 0x000000070da00000|100%| E|CS|TAMS 0x000000070d800000, 0x000000070d800000| Complete 
|  95|0x000000070da00000, 0x000000070dc00000, 0x000000070dc00000|100%| E|CS|TAMS 0x000000070da00000, 0x000000070da00000| Complete 
|  96|0x000000070dc00000, 0x000000070de00000, 0x000000070de00000|100%| E|CS|TAMS 0x000000070dc00000, 0x000000070dc00000| Complete 
|  97|0x000000070de00000, 0x000000070e000000, 0x000000070e000000|100%| E|CS|TAMS 0x000000070de00000, 0x000000070de00000| Complete 
|  98|0x000000070e000000, 0x000000070e200000, 0x000000070e200000|100%| E|CS|TAMS 0x000000070e000000, 0x000000070e000000| Complete 
|  99|0x000000070e200000, 0x000000070e400000, 0x000000070e400000|100%| E|CS|TAMS 0x000000070e200000, 0x000000070e200000| Complete 
| 100|0x000000070e400000, 0x000000070e600000, 0x000000070e600000|100%| E|CS|TAMS 0x000000070e400000, 0x000000070e400000| Complete 
| 101|0x000000070e600000, 0x000000070e800000, 0x000000070e800000|100%| E|CS|TAMS 0x000000070e600000, 0x000000070e600000| Complete 
| 102|0x000000070e800000, 0x000000070ea00000, 0x000000070ea00000|100%| E|CS|TAMS 0x000000070e800000, 0x000000070e800000| Complete 
| 103|0x000000070ea00000, 0x000000070ec00000, 0x000000070ec00000|100%| E|CS|TAMS 0x000000070ea00000, 0x000000070ea00000| Complete 
| 104|0x000000070ec00000, 0x000000070ee00000, 0x000000070ee00000|100%| E|CS|TAMS 0x000000070ec00000, 0x000000070ec00000| Complete 
| 105|0x000000070ee00000, 0x000000070f000000, 0x000000070f000000|100%| E|CS|TAMS 0x000000070ee00000, 0x000000070ee00000| Complete 
| 106|0x000000070f000000, 0x000000070f200000, 0x000000070f200000|100%| E|CS|TAMS 0x000000070f000000, 0x000000070f000000| Complete 
| 107|0x000000070f200000, 0x000000070f400000, 0x000000070f400000|100%| E|CS|TAMS 0x000000070f200000, 0x000000070f200000| Complete 
| 108|0x000000070f400000, 0x000000070f600000, 0x000000070f600000|100%| E|CS|TAMS 0x000000070f400000, 0x000000070f400000| Complete 
| 109|0x000000070f600000, 0x000000070f800000, 0x000000070f800000|100%| E|CS|TAMS 0x000000070f600000, 0x000000070f600000| Complete 
| 110|0x000000070f800000, 0x000000070fa00000, 0x000000070fa00000|100%| E|CS|TAMS 0x000000070f800000, 0x000000070f800000| Complete 
| 111|0x000000070fa00000, 0x000000070fc00000, 0x000000070fc00000|100%| E|CS|TAMS 0x000000070fa00000, 0x000000070fa00000| Complete 
| 112|0x000000070fc00000, 0x000000070fe00000, 0x000000070fe00000|100%| E|CS|TAMS 0x000000070fc00000, 0x000000070fc00000| Complete 
| 113|0x000000070fe00000, 0x0000000710000000, 0x0000000710000000|100%| E|CS|TAMS 0x000000070fe00000, 0x000000070fe00000| Complete 
| 114|0x0000000710000000, 0x0000000710200000, 0x0000000710200000|100%| E|CS|TAMS 0x0000000710000000, 0x0000000710000000| Complete 
| 115|0x0000000710200000, 0x0000000710400000, 0x0000000710400000|100%| E|CS|TAMS 0x0000000710200000, 0x0000000710200000| Complete 
| 116|0x0000000710400000, 0x0000000710600000, 0x0000000710600000|100%| E|CS|TAMS 0x0000000710400000, 0x0000000710400000| Complete 
| 117|0x0000000710600000, 0x0000000710800000, 0x0000000710800000|100%| E|CS|TAMS 0x0000000710600000, 0x0000000710600000| Complete 
| 118|0x0000000710800000, 0x0000000710a00000, 0x0000000710a00000|100%| E|CS|TAMS 0x0000000710800000, 0x0000000710800000| Complete 
| 119|0x0000000710a00000, 0x0000000710c00000, 0x0000000710c00000|100%| E|CS|TAMS 0x0000000710a00000, 0x0000000710a00000| Complete 
| 120|0x0000000710c00000, 0x0000000710e00000, 0x0000000710e00000|100%| E|CS|TAMS 0x0000000710c00000, 0x0000000710c00000| Complete 
| 121|0x0000000710e00000, 0x0000000711000000, 0x0000000711000000|100%| E|CS|TAMS 0x0000000710e00000, 0x0000000710e00000| Complete 
| 122|0x0000000711000000, 0x0000000711200000, 0x0000000711200000|100%| E|CS|TAMS 0x0000000711000000, 0x0000000711000000| Complete 
| 123|0x0000000711200000, 0x0000000711400000, 0x0000000711400000|100%| E|CS|TAMS 0x0000000711200000, 0x0000000711200000| Complete 
| 124|0x0000000711400000, 0x0000000711600000, 0x0000000711600000|100%| E|CS|TAMS 0x0000000711400000, 0x0000000711400000| Complete 
| 125|0x0000000711600000, 0x0000000711800000, 0x0000000711800000|100%| E|CS|TAMS 0x0000000711600000, 0x0000000711600000| Complete 
| 126|0x0000000711800000, 0x0000000711a00000, 0x0000000711a00000|100%| E|CS|TAMS 0x0000000711800000, 0x0000000711800000| Complete 
| 127|0x0000000711a00000, 0x0000000711c00000, 0x0000000711c00000|100%| E|CS|TAMS 0x0000000711a00000, 0x0000000711a00000| Complete 
| 128|0x0000000711c00000, 0x0000000711e00000, 0x0000000711e00000|100%| E|CS|TAMS 0x0000000711c00000, 0x0000000711c00000| Complete 
| 129|0x0000000711e00000, 0x0000000712000000, 0x0000000712000000|100%| E|CS|TAMS 0x0000000711e00000, 0x0000000711e00000| Complete 
| 130|0x0000000712000000, 0x0000000712200000, 0x0000000712200000|100%| E|CS|TAMS 0x0000000712000000, 0x0000000712000000| Complete 
| 131|0x0000000712200000, 0x0000000712400000, 0x0000000712400000|100%| E|CS|TAMS 0x0000000712200000, 0x0000000712200000| Complete 
| 132|0x0000000712400000, 0x0000000712600000, 0x0000000712600000|100%| E|CS|TAMS 0x0000000712400000, 0x0000000712400000| Complete 
| 133|0x0000000712600000, 0x0000000712800000, 0x0000000712800000|100%| E|CS|TAMS 0x0000000712600000, 0x0000000712600000| Complete 
| 134|0x0000000712800000, 0x0000000712a00000, 0x0000000712a00000|100%| E|CS|TAMS 0x0000000712800000, 0x0000000712800000| Complete 

Card table byte_map: [0x0000014fd5ad0000,0x0000014fd62d0000] _byte_map_base: 0x0000014fd22c2000

Marking Bits (Prev, Next): (CMBitMap*) 0x0000014fbe0b2970, (CMBitMap*) 0x0000014fbe0b2930
 Prev Bits: [0x0000014fdaa60000, 0x0000014fde9f0000)
 Next Bits: [0x0000014fd6ad0000, 0x0000014fdaa60000)

Polling page: 0x0000014fbc010000

Metaspace:

Usage:
  Non-class:     28.30 MB used.
      Class:      3.60 MB used.
       Both:     31.90 MB used.

Virtual space:
  Non-class space:       64.00 MB reserved,      28.56 MB ( 45%) committed,  1 nodes.
      Class space:        1.00 GB reserved,       3.88 MB ( <1%) committed,  1 nodes.
             Both:        1.06 GB reserved,      32.44 MB (  3%) committed. 

Chunk freelists:
   Non-Class:  3.33 MB
       Class:  3.95 MB
        Both:  7.28 MB

MaxMetaspaceSize: unlimited
CompressedClassSpaceSize: 1.00 GB
Initial GC threshold: 21.00 MB
Current GC threshold: 35.44 MB
CDS: on
MetaspaceReclaimPolicy: balanced
 - commit_granule_bytes: 65536.
 - commit_granule_words: 8192.
 - virtual_space_node_default_size: 8388608.
 - enlarge_chunks_in_place: 1.
 - new_chunks_are_fully_committed: 0.
 - uncommit_free_chunks: 1.
 - use_allocation_guard: 0.


Internal statistics:

num_allocs_failed_limit: 3.
num_arena_births: 756.
num_arena_deaths: 0.
num_vsnodes_births: 2.
num_vsnodes_deaths: 0.
num_space_committed: 519.
num_space_uncommitted: 0.
num_chunks_returned_to_freelist: 3.
num_chunks_taken_from_freelist: 1853.
num_chunk_merges: 0.
num_chunk_splits: 1309.
num_chunks_enlarged: 1003.
num_inconsistent_stats: 0.

CodeHeap 'non-profiled nmethods': size=120000Kb used=6526Kb max_used=6526Kb free=113473Kb
 bounds [0x0000014fcda70000, 0x0000014fce0d0000, 0x0000014fd4fa0000]
CodeHeap 'profiled nmethods': size=120000Kb used=9924Kb max_used=12742Kb free=110075Kb
 bounds [0x0000014fc5fa0000, 0x0000014fc6c60000, 0x0000014fcd4d0000]
CodeHeap 'non-nmethods': size=5760Kb used=1332Kb max_used=1385Kb free=4428Kb
 bounds [0x0000014fcd4d0000, 0x0000014fcd740000, 0x0000014fcda70000]
 total_blobs=6393 nmethods=5835 adapters=467
 compilation: enabled
              stopped_count=0, restarted_count=0
 full_count=0

Compilation events (20 events):
Event: 93.824 Thread 0x0000014fe0effed0 7482       4       org.springframework.boot.web.error.ErrorAttributeOptions::isIncluded (11 bytes)
Event: 93.825 Thread 0x0000014fe0effed0 nmethod 7482 0x0000014fce0cd910 code [0x0000014fce0cdaa0, 0x0000014fce0cdb58]
Event: 95.818 Thread 0x0000014fe0f00b20 7483       1       org.apache.tomcat.util.net.NioEndpoint$NioSocketWrapper::interestOps (5 bytes)
Event: 95.818 Thread 0x0000014fe0f00b20 nmethod 7483 0x0000014fce0cdc10 code [0x0000014fce0cdda0, 0x0000014fce0cde58]
Event: 97.125 Thread 0x0000014fe0effed0 7484       4       org.apache.catalina.core.ApplicationDispatcher::getCombinedPath (35 bytes)
Event: 97.125 Thread 0x0000014fe0effed0 nmethod 7484 0x0000014fce0cdf10 code [0x0000014fce0ce0a0, 0x0000014fce0ce158]
Event: 97.469 Thread 0x0000014fe0effed0 7485       4       java.lang.IllegalStateException::<init> (6 bytes)
Event: 97.476 Thread 0x0000014fe0effed0 nmethod 7485 0x0000014fce0ce210 code [0x0000014fce0ce3c0, 0x0000014fce0cea48]
Event: 98.581 Thread 0x0000014fe0f00b20 7486       3       org.apache.tomcat.util.buf.MessageBytes::<init> (47 bytes)
Event: 98.583 Thread 0x0000014fe0f00b20 nmethod 7486 0x0000014fc620d490 code [0x0000014fc620d680, 0x0000014fc620dbd8]
Event: 98.583 Thread 0x0000014fe0f00b20 7487       3       org.apache.tomcat.util.buf.MessageBytes::newInstance (7 bytes)
Event: 98.583 Thread 0x0000014fe0f00b20 nmethod 7487 0x0000014fc5fc4990 code [0x0000014fc5fc4b40, 0x0000014fc5fc4d28]
Event: 98.583 Thread 0x0000014fe0f00b20 7489       3       org.apache.tomcat.util.buf.CharChunk::<init> (15 bytes)
Event: 98.584 Thread 0x0000014fe0f00b20 nmethod 7489 0x0000014fc60c8a90 code [0x0000014fc60c8c40, 0x0000014fc60c8e78]
Event: 98.584 Thread 0x0000014fe0f00b20 7488       3       org.apache.tomcat.util.buf.MessageBytes$MessageBytesFactory::newInstance (8 bytes)
Event: 98.584 Thread 0x0000014fe0f00b20 nmethod 7488 0x0000014fc6038510 code [0x0000014fc60386c0, 0x0000014fc6038868]
Event: 98.591 Thread 0x0000014fe0f00b20 7490       3       ch.qos.logback.classic.spi.StackTraceElementProxy::getSTEAsString (28 bytes)
Event: 98.597 Thread 0x0000014fe0f00b20 nmethod 7490 0x0000014fc5fd0c10 code [0x0000014fc5fd0ee0, 0x0000014fc5fd1c58]
Event: 98.598 Thread 0x0000014fe0f00b20 7491       3       org.apache.tomcat.util.http.MimeHeaders::createHeader (158 bytes)
Event: 98.601 Thread 0x0000014fe0f00b20 nmethod 7491 0x0000014fc6257910 code [0x0000014fc6257bc0, 0x0000014fc6258ce8]

GC Heap History (20 events):
Event: 92.951 GC heap before
{Heap before GC invocations=133 (full 0):
 garbage-first heap   total 276480K, used 176641K [0x0000000701c00000, 0x0000000800000000)
  region size 2048K, 81 young (165888K), 2 survivors (4096K)
 Metaspace       used 32666K, committed 33216K, reserved 1114112K
  class space    used 3687K, committed 3968K, reserved 1048576K
}
Event: 92.954 GC heap after
{Heap after GC invocations=134 (full 0):
 garbage-first heap   total 276480K, used 16991K [0x0000000701c00000, 0x0000000800000000)
  region size 2048K, 2 young (4096K), 2 survivors (4096K)
 Metaspace       used 32666K, committed 33216K, reserved 1114112K
  class space    used 3687K, committed 3968K, reserved 1048576K
}
Event: 93.487 GC heap before
{Heap before GC invocations=134 (full 0):
 garbage-first heap   total 276480K, used 176735K [0x0000000701c00000, 0x0000000800000000)
  region size 2048K, 81 young (165888K), 2 survivors (4096K)
 Metaspace       used 32666K, committed 33216K, reserved 1114112K
  class space    used 3687K, committed 3968K, reserved 1048576K
}
Event: 93.489 GC heap after
{Heap after GC invocations=135 (full 0):
 garbage-first heap   total 276480K, used 17126K [0x0000000701c00000, 0x0000000800000000)
  region size 2048K, 2 young (4096K), 2 survivors (4096K)
 Metaspace       used 32666K, committed 33216K, reserved 1114112K
  class space    used 3687K, committed 3968K, reserved 1048576K
}
Event: 93.927 GC heap before
{Heap before GC invocations=135 (full 0):
 garbage-first heap   total 276480K, used 176870K [0x0000000701c00000, 0x0000000800000000)
  region size 2048K, 81 young (165888K), 2 survivors (4096K)
 Metaspace       used 32666K, committed 33216K, reserved 1114112K
  class space    used 3687K, committed 3968K, reserved 1048576K
}
Event: 93.931 GC heap after
{Heap after GC invocations=136 (full 0):
 garbage-first heap   total 276480K, used 16809K [0x0000000701c00000, 0x0000000800000000)
  region size 2048K, 2 young (4096K), 2 survivors (4096K)
 Metaspace       used 32666K, committed 33216K, reserved 1114112K
  class space    used 3687K, committed 3968K, reserved 1048576K
}
Event: 94.390 GC heap before
{Heap before GC invocations=136 (full 0):
 garbage-first heap   total 276480K, used 176553K [0x0000000701c00000, 0x0000000800000000)
  region size 2048K, 81 young (165888K), 2 survivors (4096K)
 Metaspace       used 32666K, committed 33216K, reserved 1114112K
  class space    used 3687K, committed 3968K, reserved 1048576K
}
Event: 94.392 GC heap after
{Heap after GC invocations=137 (full 0):
 garbage-first heap   total 276480K, used 15417K [0x0000000701c00000, 0x0000000800000000)
  region size 2048K, 1 young (2048K), 1 survivors (2048K)
 Metaspace       used 32666K, committed 33216K, reserved 1114112K
  class space    used 3687K, committed 3968K, reserved 1048576K
}
Event: 95.063 GC heap before
{Heap before GC invocations=137 (full 0):
 garbage-first heap   total 276480K, used 177209K [0x0000000701c00000, 0x0000000800000000)
  region size 2048K, 81 young (165888K), 1 survivors (2048K)
 Metaspace       used 32666K, committed 33216K, reserved 1114112K
  class space    used 3687K, committed 3968K, reserved 1048576K
}
Event: 95.067 GC heap after
{Heap after GC invocations=138 (full 0):
 garbage-first heap   total 276480K, used 17774K [0x0000000701c00000, 0x0000000800000000)
  region size 2048K, 2 young (4096K), 2 survivors (4096K)
 Metaspace       used 32666K, committed 33216K, reserved 1114112K
  class space    used 3687K, committed 3968K, reserved 1048576K
}
Event: 95.674 GC heap before
{Heap before GC invocations=138 (full 0):
 garbage-first heap   total 276480K, used 177518K [0x0000000701c00000, 0x0000000800000000)
  region size 2048K, 81 young (165888K), 2 survivors (4096K)
 Metaspace       used 32666K, committed 33216K, reserved 1114112K
  class space    used 3687K, committed 3968K, reserved 1048576K
}
Event: 95.677 GC heap after
{Heap after GC invocations=139 (full 0):
 garbage-first heap   total 276480K, used 16260K [0x0000000701c00000, 0x0000000800000000)
  region size 2048K, 1 young (2048K), 1 survivors (2048K)
 Metaspace       used 32666K, committed 33216K, reserved 1114112K
  class space    used 3687K, committed 3968K, reserved 1048576K
}
Event: 96.271 GC heap before
{Heap before GC invocations=139 (full 0):
 garbage-first heap   total 276480K, used 178052K [0x0000000701c00000, 0x0000000800000000)
  region size 2048K, 81 young (165888K), 1 survivors (2048K)
 Metaspace       used 32666K, committed 33216K, reserved 1114112K
  class space    used 3687K, committed 3968K, reserved 1048576K
}
Event: 96.274 GC heap after
{Heap after GC invocations=140 (full 0):
 garbage-first heap   total 276480K, used 15719K [0x0000000701c00000, 0x0000000800000000)
  region size 2048K, 1 young (2048K), 1 survivors (2048K)
 Metaspace       used 32666K, committed 33216K, reserved 1114112K
  class space    used 3687K, committed 3968K, reserved 1048576K
}
Event: 97.009 GC heap before
{Heap before GC invocations=140 (full 0):
 garbage-first heap   total 276480K, used 177511K [0x0000000701c00000, 0x0000000800000000)
  region size 2048K, 81 young (165888K), 1 survivors (2048K)
 Metaspace       used 32666K, committed 33216K, reserved 1114112K
  class space    used 3687K, committed 3968K, reserved 1048576K
}
Event: 97.011 GC heap after
{Heap after GC invocations=141 (full 0):
 garbage-first heap   total 276480K, used 15778K [0x0000000701c00000, 0x0000000800000000)
  region size 2048K, 1 young (2048K), 1 survivors (2048K)
 Metaspace       used 32666K, committed 33216K, reserved 1114112K
  class space    used 3687K, committed 3968K, reserved 1048576K
}
Event: 97.758 GC heap before
{Heap before GC invocations=141 (full 0):
 garbage-first heap   total 276480K, used 177570K [0x0000000701c00000, 0x0000000800000000)
  region size 2048K, 81 young (165888K), 1 survivors (2048K)
 Metaspace       used 32666K, committed 33216K, reserved 1114112K
  class space    used 3687K, committed 3968K, reserved 1048576K
}
Event: 97.762 GC heap after
{Heap after GC invocations=142 (full 0):
 garbage-first heap   total 276480K, used 16393K [0x0000000701c00000, 0x0000000800000000)
  region size 2048K, 1 young (2048K), 1 survivors (2048K)
 Metaspace       used 32666K, committed 33216K, reserved 1114112K
  class space    used 3687K, committed 3968K, reserved 1048576K
}
Event: 98.283 GC heap before
{Heap before GC invocations=142 (full 0):
 garbage-first heap   total 276480K, used 178185K [0x0000000701c00000, 0x0000000800000000)
  region size 2048K, 81 young (165888K), 1 survivors (2048K)
 Metaspace       used 32666K, committed 33216K, reserved 1114112K
  class space    used 3687K, committed 3968K, reserved 1048576K
}
Event: 98.286 GC heap after
{Heap after GC invocations=143 (full 0):
 garbage-first heap   total 276480K, used 17527K [0x0000000701c00000, 0x0000000800000000)
  region size 2048K, 2 young (4096K), 2 survivors (4096K)
 Metaspace       used 32666K, committed 33216K, reserved 1114112K
  class space    used 3687K, committed 3968K, reserved 1048576K
}

Dll operation events (14 events):
Event: 0.011 Loaded shared library C:\Users\Kimo Store\.jdks\openjdk-19.0.2\bin\java.dll
Event: 0.022 Loaded shared library C:\Users\Kimo Store\.jdks\openjdk-19.0.2\bin\jsvml.dll
Event: 0.118 Loaded shared library C:\Users\Kimo Store\.jdks\openjdk-19.0.2\bin\zip.dll
Event: 0.121 Loaded shared library C:\Users\Kimo Store\.jdks\openjdk-19.0.2\bin\instrument.dll
Event: 0.128 Loaded shared library C:\Users\Kimo Store\.jdks\openjdk-19.0.2\bin\net.dll
Event: 0.131 Loaded shared library C:\Users\Kimo Store\.jdks\openjdk-19.0.2\bin\nio.dll
Event: 0.133 Loaded shared library C:\Users\Kimo Store\.jdks\openjdk-19.0.2\bin\zip.dll
Event: 0.175 Loaded shared library C:\Program Files\JetBrains\IntelliJ IDEA Community Edition 2022.3.3\bin\breakgen64.dll
Event: 0.184 Loaded shared library C:\Users\Kimo Store\.jdks\openjdk-19.0.2\bin\extnet.dll
Event: 0.216 Loaded shared library C:\Users\Kimo Store\.jdks\openjdk-19.0.2\bin\jimage.dll
Event: 2.350 Loaded shared library C:\Users\Kimo Store\.jdks\openjdk-19.0.2\bin\sunmscapi.dll
Event: 2.365 Loaded shared library C:\Users\Kimo Store\.jdks\openjdk-19.0.2\bin\management.dll
Event: 2.367 Loaded shared library C:\Users\Kimo Store\.jdks\openjdk-19.0.2\bin\management_ext.dll
Event: 11.296 Loaded shared library C:\Users\Kimo Store\.jdks\openjdk-19.0.2\bin\awt.dll

Deoptimization events (20 events):
Event: 98.584 Thread 0x0000014fe7292330 Uncommon trap: trap_request=0xffffff45 fr.pc=0x0000014fcdc6d9d8 relative=0x0000000000002af8
Event: 98.584 Thread 0x0000014fe7292330 Uncommon trap: reason=unstable_if action=reinterpret pc=0x0000014fcdc6d9d8 method=java.lang.StackTraceElement.isNativeMethod()Z @ 6 c2
Event: 98.584 Thread 0x0000014fe7292330 DEOPT PACKING pc=0x0000014fcdc6d9d8 sp=0x0000002801afe200
Event: 98.584 Thread 0x0000014fe7292330 DEOPT UNPACKING pc=0x0000014fcd536da3 sp=0x0000002801afe128 mode 2
Event: 98.584 Thread 0x0000014fe7294860 Uncommon trap: trap_request=0xffffff45 fr.pc=0x0000014fcdeb3928 relative=0x0000000000006148
Event: 98.584 Thread 0x0000014fe7294860 Uncommon trap: reason=unstable_if action=reinterpret pc=0x0000014fcdeb3928 method=org.apache.tomcat.util.http.MimeHeaders.createHeader()Lorg/apache/tomcat/util/http/MimeHeaderField; @ 125 c2
Event: 98.584 Thread 0x0000014fe7294860 DEOPT PACKING pc=0x0000014fcdeb3928 sp=0x00000028016bb620
Event: 98.584 Thread 0x0000014fe7294860 DEOPT UNPACKING pc=0x0000014fcd536da3 sp=0x00000028016bb4e8 mode 2
Event: 98.584 Thread 0x0000014fe7294860 Uncommon trap: trap_request=0xffffff45 fr.pc=0x0000014fcdee8548 relative=0x0000000000000228
Event: 98.584 Thread 0x0000014fe7294860 Uncommon trap: reason=unstable_if action=reinterpret pc=0x0000014fcdee8548 method=org.apache.tomcat.util.http.MimeHeaders.createHeader()Lorg/apache/tomcat/util/http/MimeHeaderField; @ 125 c2
Event: 98.584 Thread 0x0000014fe7294860 DEOPT PACKING pc=0x0000014fcdee8548 sp=0x00000028016bb5a0
Event: 98.584 Thread 0x0000014fe7294860 DEOPT UNPACKING pc=0x0000014fcd536da3 sp=0x00000028016bb4e8 mode 2
Event: 98.584 Thread 0x0000014fe7294860 Uncommon trap: trap_request=0xffffff45 fr.pc=0x0000014fcde7cc24 relative=0x00000000000005c4
Event: 98.584 Thread 0x0000014fe7294860 Uncommon trap: reason=unstable_if action=reinterpret pc=0x0000014fcde7cc24 method=org.apache.tomcat.util.http.MimeHeaders.createHeader()Lorg/apache/tomcat/util/http/MimeHeaderField; @ 125 c2
Event: 98.584 Thread 0x0000014fe7294860 DEOPT PACKING pc=0x0000014fcde7cc24 sp=0x00000028016bb580
Event: 98.584 Thread 0x0000014fe7294860 DEOPT UNPACKING pc=0x0000014fcd536da3 sp=0x00000028016bb4e0 mode 2
Event: 98.586 Thread 0x0000014fe7292330 Uncommon trap: trap_request=0xffffff45 fr.pc=0x0000014fce06a2dc relative=0x000000000000693c
Event: 98.586 Thread 0x0000014fe7292330 Uncommon trap: reason=unstable_if action=reinterpret pc=0x0000014fce06a2dc method=org.apache.catalina.core.StandardHostValve.status(Lorg/apache/catalina/connector/Request;Lorg/apache/catalina/connector/Response;)V @ 162 c2
Event: 98.586 Thread 0x0000014fe7292330 DEOPT PACKING pc=0x0000014fce06a2dc sp=0x0000002801afe880
Event: 98.586 Thread 0x0000014fe7292330 DEOPT UNPACKING pc=0x0000014fcd536da3 sp=0x0000002801afe7c8 mode 2

Classes loaded (20 events):
Event: 11.298 Loading class java/awt/GraphicsEnvironment
Event: 11.298 Loading class java/awt/GraphicsEnvironment done
Event: 36.552 Loading class org/w3c/dom/Node
Event: 36.552 Loading class org/w3c/dom/Node done
Event: 36.552 Loading class org/w3c/dom/Document
Event: 36.552 Loading class org/w3c/dom/Document done
Event: 36.593 Loading class java/lang/invoke/WrongMethodTypeException
Event: 36.593 Loading class java/lang/invoke/WrongMethodTypeException done
Event: 36.615 Loading class jdk/internal/loader/BootLoader$PackageHelper
Event: 36.616 Loading class jdk/internal/loader/BootLoader$PackageHelper done
Event: 36.616 Loading class java/security/AllPermissionCollection
Event: 36.616 Loading class java/security/AllPermissionCollection done
Event: 36.673 Loading class java/util/concurrent/locks/ReentrantReadWriteLock$Sync$HoldCounter
Event: 36.673 Loading class java/util/concurrent/locks/ReentrantReadWriteLock$Sync$HoldCounter done
Event: 36.691 Loading class java/io/ObjectOutputStream
Event: 36.691 Loading class java/io/ObjectOutput
Event: 36.691 Loading class java/io/ObjectOutput done
Event: 36.691 Loading class java/io/ObjectOutputStream done
Event: 62.928 Loading class sun/util/locale/LocaleExtensions
Event: 62.928 Loading class sun/util/locale/LocaleExtensions done

Classes unloaded (0 events):
No events

Classes redefined (0 events):
No events

Internal exceptions (20 events):
Event: 98.590 Thread 0x0000014fe7292880 Exception <a 'java/io/IOException'{0x000000070cc0c6b8}: Connection reset by peer> (0x000000070cc0c6b8) 
thrown [s\open\src\hotspot\share\prims\jni.cpp, line 536]
Event: 98.590 Thread 0x0000014fe7294db0 StackOverflowError at 0x0000014fcdc5ae20
Event: 98.591 Thread 0x0000014fe7294db0 Exception <a 'java/lang/StackOverflowError'{0x000000070cf44a88}> (0x000000070cf44a88) 
thrown [s\open\src\hotspot\share\runtime\sharedRuntime.cpp, line 630]
Event: 98.591 Thread 0x0000014fe7293320 StackOverflowError at 0x0000014fcdc93020
Event: 98.591 Thread 0x0000014fe7293320 Exception <a 'java/lang/StackOverflowError'{0x000000070cf8dcd8}> (0x000000070cf8dcd8) 
thrown [s\open\src\hotspot\share\runtime\sharedRuntime.cpp, line 630]
Event: 98.591 Thread 0x0000014fe7291890 StackOverflowError at 0x0000014fcde63840
Event: 98.592 Thread 0x0000014fe7291890 Exception <a 'java/lang/StackOverflowError'{0x000000070cedf400}> (0x000000070cedf400) 
thrown [s\open\src\hotspot\share\runtime\sharedRuntime.cpp, line 630]
Event: 98.595 Thread 0x0000014fe7291890 Exception <a 'java/io/IOException'{0x000000070ccd08a8}: Connection reset by peer> (0x000000070ccd08a8) 
thrown [s\open\src\hotspot\share\prims\jni.cpp, line 536]
Event: 98.596 Thread 0x0000014fe7292880 Exception <a 'java/io/IOException'{0x000000070cdc3e08}: Connection reset by peer> (0x000000070cdc3e08) 
thrown [s\open\src\hotspot\share\prims\jni.cpp, line 536]
Event: 98.598 Thread 0x0000014fe7292dd0 StackOverflowError at 0x0000014fc64c38e0
Event: 98.598 Thread 0x0000014fe7292dd0 Exception <a 'java/lang/StackOverflowError'{0x000000070ce2ec28}> (0x000000070ce2ec28) 
thrown [s\open\src\hotspot\share\runtime\sharedRuntime.cpp, line 630]
Event: 98.599 Thread 0x0000014fe7294860 StackOverflowError at 0x0000014fc64c38e0
Event: 98.599 Thread 0x0000014fe7294860 Exception <a 'java/lang/StackOverflowError'{0x000000070cfdfe70}> (0x000000070cfdfe70) 
thrown [s\open\src\hotspot\share\runtime\sharedRuntime.cpp, line 630]
Event: 98.600 Thread 0x0000014fe7293320 StackOverflowError at 0x0000014fc64c38e0
Event: 98.600 Thread 0x0000014fe7293320 Exception <a 'java/lang/StackOverflowError'{0x000000070cf93328}> (0x000000070cf93328) 
thrown [s\open\src\hotspot\share\runtime\sharedRuntime.cpp, line 630]
Event: 98.603 Thread 0x0000014fe7291890 Exception <a 'java/io/IOException'{0x000000070c84b0d8}: Connection reset by peer> (0x000000070c84b0d8) 
thrown [s\open\src\hotspot\share\prims\jni.cpp, line 536]
Event: 98.603 Thread 0x0000014fe7294db0 StackOverflowError at 0x0000014fcdf4acc0
Event: 98.603 Thread 0x0000014fe7294db0 Exception <a 'java/lang/StackOverflowError'{0x000000070cc5d2a8}> (0x000000070cc5d2a8) 
thrown [s\open\src\hotspot\share\runtime\sharedRuntime.cpp, line 630]
Event: 98.605 Thread 0x0000014fe7293dc0 StackOverflowError at 0x0000014fcdc7aae0
Event: 98.605 Thread 0x0000014fe7293dc0 Exception <a 'java/lang/StackOverflowError'{0x000000070cb53060}> (0x000000070cb53060) 
thrown [s\open\src\hotspot\share\runtime\sharedRuntime.cpp, line 630]

VM Operations (20 events):
Event: 92.951 Executing VM operation: G1CollectForAllocation
Event: 92.955 Executing VM operation: G1CollectForAllocation done
Event: 93.487 Executing VM operation: G1CollectForAllocation
Event: 93.490 Executing VM operation: G1CollectForAllocation done
Event: 93.927 Executing VM operation: G1CollectForAllocation
Event: 93.931 Executing VM operation: G1CollectForAllocation done
Event: 94.390 Executing VM operation: G1CollectForAllocation
Event: 94.392 Executing VM operation: G1CollectForAllocation done
Event: 95.063 Executing VM operation: G1CollectForAllocation
Event: 95.067 Executing VM operation: G1CollectForAllocation done
Event: 95.657 Executing VM operation: G1CollectForAllocation
Event: 95.677 Executing VM operation: G1CollectForAllocation done
Event: 96.266 Executing VM operation: G1CollectForAllocation
Event: 96.274 Executing VM operation: G1CollectForAllocation done
Event: 97.009 Executing VM operation: G1CollectForAllocation
Event: 97.011 Executing VM operation: G1CollectForAllocation done
Event: 97.753 Executing VM operation: G1CollectForAllocation
Event: 97.763 Executing VM operation: G1CollectForAllocation done
Event: 98.283 Executing VM operation: G1CollectForAllocation
Event: 98.286 Executing VM operation: G1CollectForAllocation done

Events (20 events):
Event: 82.614 Thread 0x0000014fe0f1d480 flushing nmethod 0x0000014fc6bcc590
Event: 82.614 Thread 0x0000014fe0f1d480 flushing nmethod 0x0000014fc6bd5690
Event: 82.614 Thread 0x0000014fe0f1d480 flushing nmethod 0x0000014fc6bd5d90
Event: 82.614 Thread 0x0000014fe0f1d480 flushing nmethod 0x0000014fc6bd6490
Event: 82.614 Thread 0x0000014fe0f1d480 flushing nmethod 0x0000014fc6bd6910
Event: 82.614 Thread 0x0000014fe0f1d480 flushing nmethod 0x0000014fc6bd9290
Event: 82.614 Thread 0x0000014fe0f1d480 flushing nmethod 0x0000014fc6bdb890
Event: 82.614 Thread 0x0000014fe0f1d480 flushing nmethod 0x0000014fc6bea590
Event: 82.614 Thread 0x0000014fe0f1d480 flushing nmethod 0x0000014fc6bf0290
Event: 82.614 Thread 0x0000014fe0f1d480 flushing nmethod 0x0000014fc6bf1c10
Event: 82.614 Thread 0x0000014fe0f1d480 flushing nmethod 0x0000014fc6bf3590
Event: 82.614 Thread 0x0000014fe0f1d480 flushing nmethod 0x0000014fc6bf6110
Event: 82.614 Thread 0x0000014fe0f1d480 flushing nmethod 0x0000014fc6bf8910
Event: 82.614 Thread 0x0000014fe0f1d480 flushing nmethod 0x0000014fc6bfa590
Event: 82.614 Thread 0x0000014fe0f1d480 flushing nmethod 0x0000014fc6bfbd90
Event: 82.614 Thread 0x0000014fe0f1d480 flushing nmethod 0x0000014fc6bfd710
Event: 82.614 Thread 0x0000014fe0f1d480 flushing nmethod 0x0000014fc6c02810
Event: 82.614 Thread 0x0000014fe0f1d480 flushing nmethod 0x0000014fc6c04590
Event: 82.614 Thread 0x0000014fe0f1d480 flushing nmethod 0x0000014fc6c06890
Event: 82.614 Thread 0x0000014fe0f1d480 flushing nmethod 0x0000014fc6c07d90


Dynamic libraries:
0x00007ff76adb0000 - 0x00007ff76adbe000 	C:\Users\Kimo Store\.jdks\openjdk-19.0.2\bin\java.exe
0x00007ff817770000 - 0x00007ff817965000 	C:\Windows\SYSTEM32\ntdll.dll
0x00007ff815e10000 - 0x00007ff815ece000 	C:\Windows\System32\KERNEL32.DLL
0x00007ff814f40000 - 0x00007ff815209000 	C:\Windows\System32\KERNELBASE.dll
0x00007ff8156c0000 - 0x00007ff8157c0000 	C:\Windows\System32\ucrtbase.dll
0x00007fffd8f60000 - 0x00007fffd8f77000 	C:\Users\Kimo Store\.jdks\openjdk-19.0.2\bin\jli.dll
0x00007fffd7600000 - 0x00007fffd761b000 	C:\Users\Kimo Store\.jdks\openjdk-19.0.2\bin\VCRUNTIME140.dll
0x00007ff8158d0000 - 0x00007ff815a71000 	C:\Windows\System32\USER32.dll
0x00007ff8152c0000 - 0x00007ff8152e2000 	C:\Windows\System32\win32u.dll
0x00007ff805c20000 - 0x00007ff805eba000 	C:\Windows\WinSxS\amd64_microsoft.windows.common-controls_6595b64144ccf1df_6.0.19041.1110_none_60b5254171f9507e\COMCTL32.dll
0x00007ff816850000 - 0x00007ff81687b000 	C:\Windows\System32\GDI32.dll
0x00007ff8167b0000 - 0x00007ff81684e000 	C:\Windows\System32\msvcrt.dll
0x00007ff815450000 - 0x00007ff81555b000 	C:\Windows\System32\gdi32full.dll
0x00007ff815590000 - 0x00007ff81562d000 	C:\Windows\System32\msvcp_win.dll
0x00007ff8175d0000 - 0x00007ff817600000 	C:\Windows\System32\IMM32.DLL
0x00007fffe7370000 - 0x00007fffe737c000 	C:\Users\Kimo Store\.jdks\openjdk-19.0.2\bin\vcruntime140_1.dll
0x00007fffb1720000 - 0x00007fffb17ae000 	C:\Users\Kimo Store\.jdks\openjdk-19.0.2\bin\msvcp140.dll
0x00007fffb05e0000 - 0x00007fffb12a0000 	C:\Users\Kimo Store\.jdks\openjdk-19.0.2\bin\server\jvm.dll
0x00007ff815d60000 - 0x00007ff815e0c000 	C:\Windows\System32\ADVAPI32.dll
0x00007ff815cc0000 - 0x00007ff815d5b000 	C:\Windows\System32\sechost.dll
0x00007ff816ab0000 - 0x00007ff816bda000 	C:\Windows\System32\RPCRT4.dll
0x00007ff8024e0000 - 0x00007ff8024e9000 	C:\Windows\SYSTEM32\WSOCK32.dll
0x00007ff8126a0000 - 0x00007ff8126c7000 	C:\Windows\SYSTEM32\WINMM.dll
0x00007ff80c540000 - 0x00007ff80c54a000 	C:\Windows\SYSTEM32\VERSION.dll
0x00007ff815a80000 - 0x00007ff815aeb000 	C:\Windows\System32\WS2_32.dll
0x00007ff812d90000 - 0x00007ff812da2000 	C:\Windows\SYSTEM32\kernel.appcore.dll
0x00007fffe0d80000 - 0x00007fffe0d8a000 	C:\Users\Kimo Store\.jdks\openjdk-19.0.2\bin\jimage.dll
0x00007ff808320000 - 0x00007ff808504000 	C:\Windows\SYSTEM32\DBGHELP.DLL
0x00007ff809930000 - 0x00007ff80995c000 	C:\Windows\SYSTEM32\dbgcore.DLL
0x00007ff815630000 - 0x00007ff8156b3000 	C:\Windows\System32\bcryptPrimitives.dll
0x00007ff80fca0000 - 0x00007ff80fcae000 	C:\Users\Kimo Store\.jdks\openjdk-19.0.2\bin\instrument.dll
0x00007fffd47a0000 - 0x00007fffd47c6000 	C:\Users\Kimo Store\.jdks\openjdk-19.0.2\bin\java.dll
0x00007fffb1640000 - 0x00007fffb1717000 	C:\Users\Kimo Store\.jdks\openjdk-19.0.2\bin\jsvml.dll
0x00007ff816000000 - 0x00007ff81673f000 	C:\Windows\System32\SHELL32.dll
0x00007ff812f90000 - 0x00007ff813720000 	C:\Windows\SYSTEM32\windows.storage.dll
0x00007ff817060000 - 0x00007ff8173b5000 	C:\Windows\System32\combase.dll
0x00007ff8148e0000 - 0x00007ff81490c000 	C:\Windows\SYSTEM32\Wldp.dll
0x00007ff815ed0000 - 0x00007ff815f7d000 	C:\Windows\System32\SHCORE.dll
0x00007ff816970000 - 0x00007ff8169c5000 	C:\Windows\System32\shlwapi.dll
0x00007ff814dd0000 - 0x00007ff814def000 	C:\Windows\SYSTEM32\profapi.dll
0x00007fffb50c0000 - 0x00007fffb50d8000 	C:\Users\Kimo Store\.jdks\openjdk-19.0.2\bin\zip.dll
0x00007fffc7bd0000 - 0x00007fffc7be3000 	C:\Users\Kimo Store\.jdks\openjdk-19.0.2\bin\net.dll
0x00007ff8076f0000 - 0x00007ff8077f8000 	C:\Windows\SYSTEM32\WINHTTP.dll
0x00007ff814640000 - 0x00007ff8146aa000 	C:\Windows\system32\mswsock.dll
0x00007fffb50e0000 - 0x00007fffb50f6000 	C:\Users\Kimo Store\.jdks\openjdk-19.0.2\bin\nio.dll
0x00007ff80e450000 - 0x00007ff80e46a000 	C:\Program Files\JetBrains\IntelliJ IDEA Community Edition 2022.3.3\bin\breakgen64.dll
0x00007fffe0a00000 - 0x00007fffe0a08000 	C:\Users\Kimo Store\.jdks\openjdk-19.0.2\bin\extnet.dll
0x00007ff814830000 - 0x00007ff814848000 	C:\Windows\SYSTEM32\CRYPTSP.dll
0x00007ff813f50000 - 0x00007ff813f84000 	C:\Windows\system32\rsaenh.dll
0x00007ff815560000 - 0x00007ff815587000 	C:\Windows\System32\bcrypt.dll
0x00007ff814d90000 - 0x00007ff814dbe000 	C:\Windows\SYSTEM32\USERENV.dll
0x00007ff814850000 - 0x00007ff81485c000 	C:\Windows\SYSTEM32\CRYPTBASE.dll
0x00007ff8142e0000 - 0x00007ff81431b000 	C:\Windows\SYSTEM32\IPHLPAPI.DLL
0x00007ff817600000 - 0x00007ff817608000 	C:\Windows\System32\NSI.dll
0x00007ff80ce60000 - 0x00007ff80ce77000 	C:\Windows\SYSTEM32\dhcpcsvc6.DLL
0x00007ff80da10000 - 0x00007ff80da2d000 	C:\Windows\SYSTEM32\dhcpcsvc.DLL
0x00007ff814330000 - 0x00007ff8143fc000 	C:\Windows\SYSTEM32\DNSAPI.dll
0x00007ff80fc60000 - 0x00007ff80fc6e000 	C:\Users\Kimo Store\.jdks\openjdk-19.0.2\bin\sunmscapi.dll
0x00007ff8152f0000 - 0x00007ff815446000 	C:\Windows\System32\CRYPT32.dll
0x00007ff814950000 - 0x00007ff814977000 	C:\Windows\SYSTEM32\ncrypt.dll
0x00007ff814910000 - 0x00007ff81494b000 	C:\Windows\SYSTEM32\NTASN1.dll
0x00007ff80fc90000 - 0x00007ff80fc9a000 	C:\Users\Kimo Store\.jdks\openjdk-19.0.2\bin\management.dll
0x00007ff80fc80000 - 0x00007ff80fc8b000 	C:\Users\Kimo Store\.jdks\openjdk-19.0.2\bin\management_ext.dll
0x00007ff8167a0000 - 0x00007ff8167a8000 	C:\Windows\System32\PSAPI.DLL
0x00007fffeda00000 - 0x00007fffeda07000 	C:\Windows\system32\wshunix.dll
0x00007ff803110000 - 0x00007ff8032a0000 	C:\Users\Kimo Store\.jdks\openjdk-19.0.2\bin\awt.dll
0x00007ff8169e0000 - 0x00007ff816aad000 	C:\Windows\System32\OLEAUT32.dll
0x00007ff8126d0000 - 0x00007ff812760000 	C:\Windows\SYSTEM32\apphelp.dll

dbghelp: loaded successfully - version: 4.0.5 - missing functions: none
symbol engine: initialized successfully - sym options: 0x614 - pdb path: .;C:\Users\Kimo Store\.jdks\openjdk-19.0.2\bin;C:\Windows\SYSTEM32;C:\Windows\WinSxS\amd64_microsoft.windows.common-controls_6595b64144ccf1df_6.0.19041.1110_none_60b5254171f9507e;C:\Users\Kimo Store\.jdks\openjdk-19.0.2\bin\server;C:\Program Files\JetBrains\IntelliJ IDEA Community Edition 2022.3.3\bin

VM Arguments:
jvm_args: -javaagent:C:\Program Files\JetBrains\IntelliJ IDEA Community Edition 2022.3.3\lib\idea_rt.jar=57183:C:\Program Files\JetBrains\IntelliJ IDEA Community Edition 2022.3.3\bin -Dfile.encoding=UTF-8 -Dsun.stdout.encoding=UTF-8 -Dsun.stderr.encoding=UTF-8 
java_command: com.example.demo.DemoApplication
java_class_path (initial): C:\Users\Kimo Store\Programming 2 assignment\Producer-consumer-my-project\back\demo\target\classes;C:\Users\Kimo Store\.m2\repository\org\springframework\boot\spring-boot-starter-web\3.1.3\spring-boot-starter-web-3.1.3.jar;C:\Users\Kimo Store\.m2\repository\org\springframework\boot\spring-boot-starter\3.1.3\spring-boot-starter-3.1.3.jar;C:\Users\Kimo Store\.m2\repository\org\springframework\boot\spring-boot-starter-logging\3.1.3\spring-boot-starter-logging-3.1.3.jar;C:\Users\Kimo Store\.m2\repository\ch\qos\logback\logback-classic\1.4.11\logback-classic-1.4.11.jar;C:\Users\Kimo Store\.m2\repository\ch\qos\logback\logback-core\1.4.11\logback-core-1.4.11.jar;C:\Users\Kimo Store\.m2\repository\org\apache\logging\log4j\log4j-to-slf4j\2.20.0\log4j-to-slf4j-2.20.0.jar;C:\Users\Kimo Store\.m2\repository\org\apache\logging\log4j\log4j-api\2.20.0\log4j-api-2.20.0.jar;C:\Users\Kimo Store\.m2\repository\org\slf4j\jul-to-slf4j\2.0.7\jul-to-slf4j-2.0.7.jar;C:\Users\Kimo Store\.m2\repository\jakarta\annotation\jakarta.annotation-api\2.1.1\jakarta.annotation-api-2.1.1.jar;C:\Users\Kimo Store\.m2\repository\org\yaml\snakeyaml\1.33\snakeyaml-1.33.jar;C:\Users\Kimo Store\.m2\repository\org\springframework\boot\spring-boot-starter-json\3.1.3\spring-boot-starter-json-3.1.3.jar;C:\Users\Kimo Store\.m2\repository\com\fasterxml\jackson\core\jackson-databind\2.15.2\jackson-databind-2.15.2.jar;C:\Users\Kimo Store\.m2\repository\com\fasterxml\jackson\core\jackson-annotations\2.15.2\jackson-annotations-2.15.2.jar;C:\Users\Kimo Store\.m2\repository\com\fasterxml\jackson\core\jackson-core\2.15.2\jackson-core-2.15.2.jar;C:\Users\Kimo Store\.m2\repository\com\fasterxml\jackson\datatype\jackson-datatype-jdk8\2.15.2\jackson-datatype-jdk8-2.15.2.jar;C:\Users\Kimo Store\.m2\repository\com\fasterxml\jackson\datatype\jackson-datatype-jsr310\2.15.2\jackson-datatype-jsr310-2.15.2.jar;C:\Users\Kimo Store\.m2\repository\com\fasterxml\jackson\module\jackson-module-parameter-names\2.15.2\jackson-module-parameter-names-2.15.2.jar;C:\Users\Kimo Store\.m2\repository\org\springframework\boot\spring-boot-starter-tomcat\3.1.3\spring-boot-starter-tomcat-3.1.3.jar;C:\Users\Kimo Store\.m2\repository\org\apache\tomcat\embed\tomcat-embed-core\10.1.12\tomcat-embed-core-10.1.12.jar;C:\Users\Kimo Store\.m2\repository\org\apache\tomcat\embed\tomcat-embed-el\10.1.12\tomcat-embed-el-10.1.12.jar;C:\Users\Kimo Store\.m2\repository\org\apache\tomcat\embed\tomcat-embed-websocket\10.1.12\tomcat-embed-websocket-10.1.12.jar;C:\Users\Kimo Store\.m2\repository\org\springframework\spring-web\6.0.11\spring-web-6.0.11.jar;C:\Users\Kimo Store\.m2\repository\org\springframework\spring-beans\6.0.11\spring-beans-6.0.11.jar;C:\Users\Kimo Store\.m2\repository\io\micrometer\micrometer-observation\1.11.3\micrometer-observation-1.11.3.jar;C:\Users\Kimo Store\.m2\repository\io\micrometer\micrometer-commons\1.11.3\micrometer-commons-1.11.3.jar;C:\Users\Kimo Store\.m2\repository\org\springframework\spring-webmvc\6.0.11\spring-webmvc-6.0.11.jar;C:\Users\Kimo Store\.m2\repository\org\springframework\spring-aop\6.0.11\spring-aop-6.0.11.jar;C:\Users\Kimo Store\.m2\repository\org\springframework\spring-context\6.0.11\spring-context-6.0.11.jar;C:\Users\Kimo Store\.m2\repository\org\springframework\spring-expression\6.0.11\spring-expression-6.0.11.jar;C:\Users\Kimo Store\.m2\repository\org\slf4j\slf4j-api\2.0.7\slf4j-api-2.0.7.jar;C:\Users\Kimo Store\.m2\repository\org\springframework\spring-core\6.0.11\spring-core-6.0.11.jar;C:\Users\Kimo Store\.m2\repository\org\springframework\spring-jcl\6.0.11\spring-jcl-6.0.11.jar;C:\Users\Kimo Store\.m2\repository\org\springframework\boot\spring-boot-autoconfigure\3.1.3\spring-boot-autoconfigure-3.1.3.jar;C:\Users\Kimo Store\.m2\repository\org\springframework\boot\spring-boot\3.1.3\spring-boot-3.1.3.jar
Launcher Type: SUN_STANDARD

[Global flags]
     intx CICompilerCount                          = 4                                         {product} {ergonomic}
     uint ConcGCThreads                            = 2                                         {product} {ergonomic}
     uint G1ConcRefinementThreads                  = 8                                         {product} {ergonomic}
   size_t G1HeapRegionSize                         = 2097152                                   {product} {ergonomic}
    uintx GCDrainStackTargetSize                   = 64                                        {product} {ergonomic}
   size_t InitialHeapSize                          = 268435456                                 {product} {ergonomic}
   size_t MarkStackSize                            = 4194304                                   {product} {ergonomic}
   size_t MaxHeapSize                              = 4265607168                                {product} {ergonomic}
   size_t MaxNewSize                               = 2558525440                                {product} {ergonomic}
   size_t MinHeapDeltaBytes                        = 2097152                                   {product} {ergonomic}
   size_t MinHeapSize                              = 8388608                                   {product} {ergonomic}
    uintx NonNMethodCodeHeapSize                   = 5839372                                {pd product} {ergonomic}
    uintx NonProfiledCodeHeapSize                  = 122909434                              {pd product} {ergonomic}
    uintx ProfiledCodeHeapSize                     = 122909434                              {pd product} {ergonomic}
    uintx ReservedCodeCacheSize                    = 251658240                              {pd product} {ergonomic}
     bool SegmentedCodeCache                       = true                                      {product} {ergonomic}
   size_t SoftMaxHeapSize                          = 4265607168                             {manageable} {ergonomic}
     bool UseCompressedClassPointers               = true                           {product lp64_product} {ergonomic}
     bool UseCompressedOops                        = true                           {product lp64_product} {ergonomic}
     bool UseG1GC                                  = true                                      {product} {ergonomic}
     bool UseLargePagesIndividualAllocation        = false                                  {pd product} {ergonomic}

Logging:
Log output configuration:
 #0: stdout all=warning uptime,level,tags foldmultilines=false
 #1: stderr all=off uptime,level,tags foldmultilines=false

Environment Variables:
PATH=C:\Windows\system32;C:\Windows;C:\Windows\System32\Wbem;C:\Windows\System32\WindowsPowerShell\v1.0\;C:\Windows\System32\OpenSSH\;C:\Program Files\Git\cmd;C:\Program Files\nodejs\;C:\Users\Kimo Store\AppData\Local\Microsoft\WindowsApps;C:\Users\Kimo Store\AppData\Local\Programs\Microsoft VS Code\bin;C:\Users\Kimo Store\AppData\Roaming\npm;C:\Users\Kimo Store\AppData\Local\Programs\MiKTeX\miktex\bin\x64\
USERNAME=Kimo Store
OS=Windows_NT
PROCESSOR_IDENTIFIER=Intel64 Family 6 Model 60 Stepping 3, GenuineIntel
TMP=C:\Users\KIMOST~1\AppData\Local\Temp
TEMP=C:\Users\KIMOST~1\AppData\Local\Temp



---------------  S Y S T E M  ---------------

OS:
 Windows 10 , 64 bit Build 19041 (10.0.19041.1202)
OS uptime: 6 days 11:35 hours

CPU: total 8 (initial active 8) (4 cores per cpu, 2 threads per core) family 6 model 60 stepping 3 microcode 0x27, cx8, cmov, fxsr, ht, mmx, sse, sse2, sse3, ssse3, sse4.1, sse4.2, popcnt, lzcnt, tsc, tscinvbit, avx, avx2, aes, erms, clmul, bmi1, bmi2, fma, vzeroupper, clflush, rdtscp

Memory: 4k page, system-wide physical 16265M (1499M free)
TotalPageFile size 30495M (AvailPageFile size 5M)
current process WorkingSet (physical memory assigned to process): 386M, peak: 416M
current process commit charge ("private bytes"): 444M, peak: 476M

vm_info: OpenJDK 64-Bit Server VM (19.0.2+7-44) for windows-amd64 JRE (19.0.2+7-44), built on 2022-11-30T18:02:09Z by "mach5one" with MS VC++ 17.1 (VS2022)

END.
